Running ffmpeg command:
ffmpeg -y -i jobs/a865eefc-8303-46fd-b57c-b208179ded49/A-roll.mp4 -i '/Users/dynamodevesh/Desktop/Buttercutai/files/Overlay assets _/Image_Overlay.png' -filter_complex '[1:v]scale=300:300[ov1];[0:v][ov1]overlay=100:150:enable='"'"'between(t,0,5)'"'"'[tmp1];' -map '[tmp1]' -map '0:a?' -c:v libx264 -preset fast -c:a copy jobs/a865eefc-8303-46fd-b57c-b208179ded49/rendered.mp4

--- STDOUT ---

--- STDERR ---
ffmpeg version 8.0.1 Copyright (c) 2000-2025 the FFmpeg developers
  built with Apple clang version 17.0.0 (clang-1700.4.4.1)
  configuration: --prefix=/opt/homebrew/Cellar/ffmpeg/8.0.1 --enable-shared --enable-pthreads --enable-version3 --cc=clang --host-cflags= --host-ldflags= --enable-ffplay --enable-gnutls --enable-gpl --enable-libaom --enable-libaribb24 --enable-libbluray --enable-libdav1d --enable-libharfbuzz --enable-libjxl --enable-libmp3lame --enable-libopus --enable-librav1e --enable-librist --enable-librubberband --enable-libsnappy --enable-libsrt --enable-libssh --enable-libsvtav1 --enable-libtesseract --enable-libtheora --enable-libvidstab --enable-libvmaf --enable-libvorbis --enable-libvpx --enable-libwebp --enable-libx264 --enable-libx265 --enable-libxml2 --enable-libxvid --enable-lzma --enable-libfontconfig --enable-libfreetype --enable-frei0r --enable-libass --enable-libopencore-amrnb --enable-libopencore-amrwb --enable-libopenjpeg --enable-libspeex --enable-libsoxr --enable-libzmq --enable-libzimg --disable-libjack --disable-indev=jack --enable-videotoolbox --enable-audiotoolbox --enable-neon
  libavutil      60.  8.100 / 60.  8.100
  libavcodec     62. 11.100 / 62. 11.100
  libavformat    62.  3.100 / 62.  3.100
  libavdevice    62.  1.100 / 62.  1.100
  libavfilter    11.  4.100 / 11.  4.100
  libswscale      9.  1.100 /  9.  1.100
  libswresample   6.  1.100 /  6.  1.100
Input #0, mov,mp4,m4a,3gp,3g2,mj2, from 'jobs/a865eefc-8303-46fd-b57c-b208179ded49/A-roll.mp4':
  Metadata:
    major_brand     : mp42
    minor_version   : 1
    compatible_brands: isommp41mp42
    creation_time   : 2025-05-30T08:42:13.000000Z
  Duration: 00:00:31.13, start: 0.000000, bitrate: 9437 kb/s
  Stream #0:0[0x1](und): Video: h264 (High) (avc1 / 0x31637661), yuv420p(tv, bt709, progressive), 1080x1920, 9181 kb/s, 30 fps, 30 tbr, 600 tbn (default)
    Metadata:
      creation_time   : 2025-05-30T08:42:13.000000Z
      handler_name    : Core Media Video
      vendor_id       : [0][0][0][0]
  Stream #0:1[0x2](und): Audio: aac (LC) (mp4a / 0x6134706D), 44100 Hz, stereo, fltp, 251 kb/s (default)
    Metadata:
      creation_time   : 2025-05-30T08:42:13.000000Z
      handler_name    : Core Media Audio
      vendor_id       : [0][0][0][0]
Input #1, png_pipe, from '/Users/dynamodevesh/Desktop/Buttercutai/files/Overlay assets _/Image_Overlay.png':
  Duration: N/A, bitrate: N/A
  Stream #1:0: Video: png, rgb24(pc, gbr/unknown/unknown), 1024x1024, 25 fps, 25 tbr, 25 tbn
Stream mapping:
  Stream #0:0 (h264) -> overlay
  Stream #1:0 (png) -> scale:default
  overlay:default -> Stream #0:0 (libx264)
  Stream #0:1 -> #0:1 (copy)
Press [q] to stop, [?] for help
[libx264 @ 0xc4ad44700] using cpu capabilities: ARMv8 NEON DotProd
[libx264 @ 0xc4ad44700] profile High, level 4.0, 4:2:0, 8-bit
[libx264 @ 0xc4ad44700] 264 - core 165 r3222 b35605a - H.264/MPEG-4 AVC codec - Copyleft 2003-2025 - http://www.videolan.org/x264.html - options: cabac=1 ref=2 deblock=1:0:0 analyse=0x3:0x113 me=hex subme=6 psy=1 psy_rd=1.00:0.00 mixed_ref=1 me_range=16 chroma_me=1 trellis=1 8x8dct=1 cqm=0 deadzone=21,11 fast_pskip=1 chroma_qp_offset=-2 threads=12 lookahead_threads=2 sliced_threads=0 nr=0 decimate=1 interlaced=0 bluray_compat=0 constrained_intra=0 bframes=3 b_pyramid=2 b_adapt=1 b_bias=0 direct=1 weightb=1 open_gop=0 weightp=1 keyint=250 keyint_min=25 scenecut=40 intra_refresh=0 rc_lookahead=30 rc=crf mbtree=1 crf=23.0 qcomp=0.60 qpmin=0 qpmax=69 qpstep=4 ip_ratio=1.40 aq=1:1.00
Output #0, mp4, to 'jobs/a865eefc-8303-46fd-b57c-b208179ded49/rendered.mp4':
  Metadata:
    major_brand     : mp42
    minor_version   : 1
    compatible_brands: isommp41mp42
    encoder         : Lavf62.3.100
  Stream #0:0: Video: h264 (avc1 / 0x31637661), yuv420p(tv, bt709, progressive), 1080x1920, q=2-31, 30 fps, 15360 tbn
    Metadata:
      encoder         : Lavc62.11.100 libx264
    Side data:
      cpb: bitrate max/min/avg: 0/0/0 buffer size: 0 vbv_delay: N/A
  Stream #0:1(und): Audio: aac (LC) (mp4a / 0x6134706D), 44100 Hz, stereo, fltp, 251 kb/s (default)
    Metadata:
      creation_time   : 2025-05-30T08:42:13.000000Z
      handler_name    : Core Media Audio
      vendor_id       : [0][0][0][0]
frame=    0 fps=0.0 q=0.0 size=       0KiB time=N/A bitrate=N/A speed=N/A elapsed=0:00:00.50    
frame=    6 fps=6.0 q=29.0 size=       0KiB time=00:00:00.13 bitrate=   2.9kbits/s speed=0.133x elapsed=0:00:01.00    
frame=   21 fps= 14 q=29.0 size=     256KiB time=00:00:00.63 bitrate=3311.9kbits/s speed=0.417x elapsed=0:00:01.51    
frame=   43 fps= 21 q=29.0 size=     768KiB time=00:00:01.36 bitrate=4603.8kbits/s speed=0.675x elapsed=0:00:02.02    
frame=   70 fps= 28 q=29.0 size=    1280KiB time=00:00:02.26 bitrate=4626.2kbits/s speed=0.896x elapsed=0:00:02.52    
frame=   96 fps= 32 q=29.0 size=    1536KiB time=00:00:03.13 bitrate=4015.9kbits/s speed=1.03x elapsed=0:00:03.03    
frame=  128 fps= 36 q=29.0 size=    2304KiB time=00:00:04.20 bitrate=4494.0kbits/s speed=1.19x elapsed=0:00:03.53    
frame=  161 fps= 40 q=29.0 size=    3072KiB time=00:00:05.30 bitrate=4748.3kbits/s speed=1.31x elapsed=0:00:04.03    
frame=  194 fps= 43 q=29.0 size=    3584KiB time=00:00:06.40 bitrate=4587.6kbits/s speed=1.41x elapsed=0:00:04.53    
frame=  228 fps= 45 q=29.0 size=    4352KiB time=00:00:07.53 bitrate=4732.6kbits/s speed=1.49x elapsed=0:00:05.03    
frame=  262 fps= 47 q=29.0 size=    4864KiB time=00:00:08.66 bitrate=4597.6kbits/s speed=1.56x elapsed=0:00:05.54    
frame=  298 fps= 49 q=29.0 size=    5632KiB time=00:00:09.86 bitrate=4676.1kbits/s speed=1.63x elapsed=0:00:06.04    
frame=  334 fps= 51 q=29.0 size=    6400KiB time=00:00:11.06 bitrate=4737.6kbits/s speed=1.69x elapsed=0:00:06.54    
frame=  372 fps= 53 q=29.0 size=    6912KiB time=00:00:12.33 bitrate=4591.1kbits/s speed=1.75x elapsed=0:00:07.05    
frame=  411 fps= 54 q=29.0 size=    7680KiB time=00:00:13.63 bitrate=4614.8kbits/s speed= 1.8x elapsed=0:00:07.55    
frame=  450 fps= 56 q=29.0 size=    8448KiB time=00:00:14.93 bitrate=4634.4kbits/s speed=1.85x elapsed=0:00:08.05    
frame=  485 fps= 57 q=29.0 size=    8960KiB time=00:00:16.10 bitrate=4559.0kbits/s speed=1.88x elapsed=0:00:08.55    
frame=  511 fps= 56 q=29.0 size=    9472KiB time=00:00:16.96 bitrate=4573.4kbits/s speed=1.87x elapsed=0:00:09.06    
frame=  529 fps= 55 q=29.0 size=    9984KiB time=00:00:17.56 bitrate=4655.9kbits/s speed=1.84x elapsed=0:00:09.56    
frame=  559 fps= 55 q=29.0 size=   10496KiB time=00:00:18.56 bitrate=4631.1kbits/s speed=1.84x elapsed=0:00:10.07    
frame=  592 fps= 56 q=29.0 size=   11264KiB time=00:00:19.66 bitrate=4692.0kbits/s speed=1.86x elapsed=0:00:10.57    
frame=  633 fps= 57 q=29.0 size=   12032KiB time=00:00:21.03 bitrate=4686.2kbits/s speed= 1.9x elapsed=0:00:11.08    
frame=  670 fps= 58 q=29.0 size=   12544KiB time=00:00:22.26 bitrate=4615.0kbits/s speed=1.92x elapsed=0:00:11.58    
frame=  711 fps= 59 q=29.0 size=   13312KiB time=00:00:23.63 bitrate=4614.3kbits/s speed=1.96x elapsed=0:00:12.08    
frame=  744 fps= 59 q=29.0 size=   14080KiB time=00:00:24.73 bitrate=4663.5kbits/s speed=1.96x elapsed=0:00:12.59    
frame=  776 fps= 59 q=29.0 size=   14592KiB time=00:00:25.80 bitrate=4633.3kbits/s speed=1.97x elapsed=0:00:13.09    
frame=  809 fps= 59 q=29.0 size=   15360KiB time=00:00:26.90 bitrate=4677.7kbits/s speed=1.98x elapsed=0:00:13.59    
frame=  851 fps= 60 q=29.0 size=   16128KiB time=00:00:28.30 bitrate=4668.6kbits/s speed=2.01x elapsed=0:00:14.10    
frame=  891 fps= 61 q=29.0 size=   16640KiB time=00:00:29.63 bitrate=4600.1kbits/s speed=2.03x elapsed=0:00:14.60    
[out#0/mp4 @ 0xc4a8006c0] video:16695KiB audio:956KiB subtitle:0KiB other streams:0KiB global headers:0KiB muxing overhead: 0.193660%
frame=  934 fps= 62 q=-1.0 Lsize=   17685KiB time=00:00:31.06 bitrate=4663.5kbits/s speed=2.07x elapsed=0:00:15.00    
[libx264 @ 0xc4ad44700] frame I:5     Avg QP:20.16  size: 69815
[libx264 @ 0xc4ad44700] frame P:349   Avg QP:22.16  size: 28925
[libx264 @ 0xc4ad44700] frame B:580   Avg QP:24.15  size: 11467
[libx264 @ 0xc4ad44700] consecutive B-frames:  0.9% 45.8%  9.6% 43.7%
[libx264 @ 0xc4ad44700] mb I  I16..4: 28.2% 57.4% 14.4%
[libx264 @ 0xc4ad44700] mb P  I16..4: 10.3% 18.7%  1.7%  P16..4: 37.1%  9.1%  3.1%  0.0%  0.0%    skip:20.1%
[libx264 @ 0xc4ad44700] mb B  I16..4:  3.4%  5.5%  0.2%  B16..8: 27.2%  4.3%  0.1%  direct:13.3%  skip:46.0%  L0:44.1% L1:50.4% BI: 5.5%
[libx264 @ 0xc4ad44700] 8x8 transform intra:60.7% inter:76.2%
[libx264 @ 0xc4ad44700] coded y,uvDC,uvAC intra: 29.0% 56.9% 6.8% inter: 9.3% 24.1% 0.2%
[libx264 @ 0xc4ad44700] i16 v,h,dc,p: 36% 24% 19% 22%
[libx264 @ 0xc4ad44700] i8 v,h,dc,ddl,ddr,vr,hd,vl,hu: 27% 17% 34%  3%  4%  4%  4%  5%  3%
[libx264 @ 0xc4ad44700] i4 v,h,dc,ddl,ddr,vr,hd,vl,hu: 25% 18% 17%  4% 10%  8%  9%  6%  3%
[libx264 @ 0xc4ad44700] i8c dc,h,v,p: 48% 21% 25%  7%
[libx264 @ 0xc4ad44700] Weighted P-Frames: Y:0.3% UV:0.0%
[libx264 @ 0xc4ad44700] ref P L0: 81.6% 18.4%
[libx264 @ 0xc4ad44700] ref B L0: 88.8% 11.2%
[libx264 @ 0xc4ad44700] ref B L1: 98.2%  1.8%
[libx264 @ 0xc4ad44700] kb/s:4392.67
