Running ffmpeg command:
ffmpeg -y -i jobs/be2e2685-16c5-44d0-9649-ed3ed78bb2eb/77612.mp4 -i jobs/be2e2685-16c5-44d0-9649-ed3ed78bb2eb/overlay_1764391169829_1.mp4 -i jobs/be2e2685-16c5-44d0-9649-ed3ed78bb2eb/overlay_1764391169829_2.png -i jobs/be2e2685-16c5-44d0-9649-ed3ed78bb2eb/overlay_1764391169829_3.mp4 -i jobs/be2e2685-16c5-44d0-9649-ed3ed78bb2eb/overlay_1764391169829_4.mp4 -filter_complex '[0:v]drawtext=text='"'"'Hello'"'"':x=227:y=-50:fontsize=28:fontcolor=white:box=1:boxcolor=black@0.5:boxborderw=10:enable='"'"'between(t,0,3)'"'"'[txttxt_1764391153027_497]; [1:v]scale=160:120[ov1]; [txttxt_1764391153027_497][ov1]overlay=62:171:enable='"'"'between(t,0,3)'"'"'[tmp1]; [2:v]scale=120:120[ov2]; [tmp1][ov2]overlay=51:332:enable='"'"'between(t,0,3)'"'"'[tmp2]; [3:v]scale=160:120[ov3]; [tmp2][ov3]overlay=60:60:enable='"'"'between(t,0,3)'"'"'[tmp3]; [4:v]scale=160:120[ov4]; [tmp3][ov4]overlay=56:311:enable='"'"'between(t,0,3)'"'"'[tmp4]' -map '[tmp4]' -map '0:a?' -c:v libx264 -preset fast -c:a copy jobs/be2e2685-16c5-44d0-9649-ed3ed78bb2eb/rendered.mp4

ffmpeg version 8.0.1 Copyright (c) 2000-2025 the FFmpeg developers
  built with Apple clang version 17.0.0 (clang-1700.4.4.1)
  configuration: --prefix=/opt/homebrew/Cellar/ffmpeg/8.0.1 --enable-shared --enable-pthreads --enable-version3 --cc=clang --host-cflags= --host-ldflags= --enable-ffplay --enable-gnutls --enable-gpl --enable-libaom --enable-libaribb24 --enable-libbluray --enable-libdav1d --enable-libharfbuzz --enable-libjxl --enable-libmp3lame --enable-libopus --enable-librav1e --enable-librist --enable-librubberband --enable-libsnappy --enable-libsrt --enable-libssh --enable-libsvtav1 --enable-libtesseract --enable-libtheora --enable-libvidstab --enable-libvmaf --enable-libvorbis --enable-libvpx --enable-libwebp --enable-libx264 --enable-libx265 --enable-libxml2 --enable-libxvid --enable-lzma --enable-libfontconfig --enable-libfreetype --enable-frei0r --enable-libass --enable-libopencore-amrnb --enable-libopencore-amrwb --enable-libopenjpeg --enable-libspeex --enable-libsoxr --enable-libzmq --enable-libzimg --disable-libjack --disable-indev=jack --enable-videotoolbox --enable-audiotoolbox --enable-neon
  libavutil      60.  8.100 / 60.  8.100
  libavcodec     62. 11.100 / 62. 11.100
  libavformat    62.  3.100 / 62.  3.100
  libavdevice    62.  1.100 / 62.  1.100
  libavfilter    11.  4.100 / 11.  4.100
  libswscale      9.  1.100 /  9.  1.100
  libswresample   6.  1.100 /  6.  1.100
Input #0, mov,mp4,m4a,3gp,3g2,mj2, from 'jobs/be2e2685-16c5-44d0-9649-ed3ed78bb2eb/77612.mp4':
  Metadata:
    major_brand     : mp42
    minor_version   : 1
    compatible_brands: isommp41mp42
    creation_time   : 2025-05-30T08:42:13.000000Z
  Duration: 00:00:31.13, start: 0.000000, bitrate: 9437 kb/s
  Stream #0:0[0x1](und): Video: h264 (High) (avc1 / 0x31637661), yuv420p(tv, bt709, progressive), 1080x1920, 9181 kb/s, 30 fps, 30 tbr, 600 tbn (default)
    Metadata:
      creation_time   : 2025-05-30T08:42:13.000000Z
      handler_name    : Core Media Video
      vendor_id       : [0][0][0][0]
  Stream #0:1[0x2](und): Audio: aac (LC) (mp4a / 0x6134706D), 44100 Hz, stereo, fltp, 251 kb/s (default)
    Metadata:
      creation_time   : 2025-05-30T08:42:13.000000Z
      handler_name    : Core Media Audio
      vendor_id       : [0][0][0][0]
Input #1, mov,mp4,m4a,3gp,3g2,mj2, from 'jobs/be2e2685-16c5-44d0-9649-ed3ed78bb2eb/overlay_1764391169829_1.mp4':
  Metadata:
    major_brand     : isom
    minor_version   : 512
    compatible_brands: isomiso2avc1mp41
    encoder         : Lavf58.76.100
  Duration: 00:00:05.88, start: 0.000000, bitrate: 1843 kb/s
  Stream #1:0[0x1](und): Video: h264 (High) (avc1 / 0x31637661), yuv420p(progressive), 1152x768, 1840 kb/s, 24 fps, 24 tbr, 12288 tbn (default)
    Metadata:
      handler_name    : VideoHandler
      vendor_id       : [0][0][0][0]
Input #2, png_pipe, from 'jobs/be2e2685-16c5-44d0-9649-ed3ed78bb2eb/overlay_1764391169829_2.png':
  Duration: N/A, bitrate: N/A
  Stream #2:0: Video: png, rgb24(pc, gbr/unknown/unknown), 1024x1024, 25 fps, 25 tbr, 25 tbn
Input #3, mov,mp4,m4a,3gp,3g2,mj2, from 'jobs/be2e2685-16c5-44d0-9649-ed3ed78bb2eb/overlay_1764391169829_3.mp4':
  Metadata:
    major_brand     : isom
    minor_version   : 512
    compatible_brands: isomiso2avc1mp41
    encoder         : Lavf58.76.100
  Duration: 00:00:05.88, start: 0.000000, bitrate: 1843 kb/s
  Stream #3:0[0x1](und): Video: h264 (High) (avc1 / 0x31637661), yuv420p(progressive), 1152x768, 1840 kb/s, 24 fps, 24 tbr, 12288 tbn (default)
    Metadata:
      handler_name    : VideoHandler
      vendor_id       : [0][0][0][0]
Input #4, mov,mp4,m4a,3gp,3g2,mj2, from 'jobs/be2e2685-16c5-44d0-9649-ed3ed78bb2eb/overlay_1764391169829_4.mp4':
  Metadata:
    major_brand     : isom
    minor_version   : 512
    compatible_brands: isomiso2avc1mp41
    encoder         : Lavf58.76.100
  Duration: 00:00:05.88, start: 0.000000, bitrate: 632 kb/s
  Stream #4:0[0x1](und): Video: h264 (High) (avc1 / 0x31637661), yuv420p(progressive), 768x1152, 628 kb/s, 24 fps, 24 tbr, 12288 tbn (default)
    Metadata:
      handler_name    : VideoHandler
      vendor_id       : [0][0][0][0]
Stream mapping:
  Stream #0:0 (h264) -> drawtext:default
  Stream #1:0 (h264) -> scale:default
  Stream #2:0 (png) -> scale:default
  Stream #3:0 (h264) -> scale:default
  Stream #4:0 (h264) -> scale:default
  overlay:default -> Stream #0:0 (libx264)
  Stream #0:1 -> #0:1 (copy)
Press [q] to stop, [?] for help
[libx264 @ 0x7ff299880] using cpu capabilities: ARMv8 NEON DotProd
[libx264 @ 0x7ff299880] profile High, level 4.0, 4:2:0, 8-bit
[libx264 @ 0x7ff299880] 264 - core 165 r3222 b35605a - H.264/MPEG-4 AVC codec - Copyleft 2003-2025 - http://www.videolan.org/x264.html - options: cabac=1 ref=2 deblock=1:0:0 analyse=0x3:0x113 me=hex subme=6 psy=1 psy_rd=1.00:0.00 mixed_ref=1 me_range=16 chroma_me=1 trellis=1 8x8dct=1 cqm=0 deadzone=21,11 fast_pskip=1 chroma_qp_offset=-2 threads=12 lookahead_threads=2 sliced_threads=0 nr=0 decimate=1 interlaced=0 bluray_compat=0 constrained_intra=0 bframes=3 b_pyramid=2 b_adapt=1 b_bias=0 direct=1 weightb=1 open_gop=0 weightp=1 keyint=250 keyint_min=25 scenecut=40 intra_refresh=0 rc_lookahead=30 rc=crf mbtree=1 crf=23.0 qcomp=0.60 qpmin=0 qpmax=69 qpstep=4 ip_ratio=1.40 aq=1:1.00
Output #0, mp4, to 'jobs/be2e2685-16c5-44d0-9649-ed3ed78bb2eb/rendered.mp4':
  Metadata:
    major_brand     : mp42
    minor_version   : 1
    compatible_brands: isommp41mp42
    encoder         : Lavf62.3.100
  Stream #0:0: Video: h264 (avc1 / 0x31637661), yuv420p(tv, bt709, progressive), 1080x1920, q=2-31, 30 fps, 15360 tbn
    Metadata:
      encoder         : Lavc62.11.100 libx264
    Side data:
      cpb: bitrate max/min/avg: 0/0/0 buffer size: 0 vbv_delay: N/A
  Stream #0:1(und): Audio: aac (LC) (mp4a / 0x6134706D), 44100 Hz, stereo, fltp, 251 kb/s (default)
    Metadata:
      creation_time   : 2025-05-30T08:42:13.000000Z
      handler_name    : Core Media Audio
      vendor_id       : [0][0][0][0]
frame=    0 fps=0.0 q=0.0 size=       0KiB time=N/A bitrate=N/A speed=N/A elapsed=0:00:00.50    
frame=    0 fps=0.0 q=0.0 size=       0KiB time=N/A bitrate=N/A speed=N/A elapsed=0:00:01.00    
frame=   22 fps= 15 q=29.0 size=     256KiB time=00:00:00.66 bitrate=3146.3kbits/s speed=0.441x elapsed=0:00:01.51    
frame=   45 fps= 22 q=29.0 size=     768KiB time=00:00:01.43 bitrate=4389.7kbits/s speed=0.712x elapsed=0:00:02.01    
frame=   81 fps= 32 q=29.0 size=    1536KiB time=00:00:02.63 bitrate=4778.5kbits/s speed=1.05x elapsed=0:00:02.51    
frame=  111 fps= 37 q=29.0 size=    2048KiB time=00:00:03.63 bitrate=4617.7kbits/s speed= 1.2x elapsed=0:00:03.02    
frame=  147 fps= 42 q=29.0 size=    2816KiB time=00:00:04.83 bitrate=4772.9kbits/s speed=1.37x elapsed=0:00:03.52    
frame=  184 fps= 46 q=29.0 size=    3584KiB time=00:00:06.06 bitrate=4839.6kbits/s speed=1.51x elapsed=0:00:04.03    
frame=  221 fps= 49 q=29.0 size=    4352KiB time=00:00:07.30 bitrate=4883.8kbits/s speed=1.61x elapsed=0:00:04.53    
frame=  259 fps= 51 q=29.0 size=    4864KiB time=00:00:08.56 bitrate=4651.3kbits/s speed= 1.7x elapsed=0:00:05.03    
frame=  302 fps= 54 q=29.0 size=    5632KiB time=00:00:10.00 bitrate=4613.8kbits/s speed= 1.8x elapsed=0:00:05.54    
frame=  337 fps= 56 q=29.0 size=    6400KiB time=00:00:11.16 bitrate=4695.2kbits/s speed=1.85x elapsed=0:00:06.05    
frame=  376 fps= 57 q=29.0 size=    7168KiB time=00:00:12.46 bitrate=4710.2kbits/s speed= 1.9x elapsed=0:00:06.55    
frame=  418 fps= 59 q=29.0 size=    7936KiB time=00:00:13.86 bitrate=4688.4kbits/s speed=1.96x elapsed=0:00:07.06    
frame=  459 fps= 61 q=29.0 size=    8704KiB time=00:00:15.23 bitrate=4680.8kbits/s speed=2.01x elapsed=0:00:07.56    
frame=  497 fps= 62 q=29.0 size=    9472KiB time=00:00:16.50 bitrate=4702.7kbits/s speed=2.05x elapsed=0:00:08.06    
frame=  538 fps= 63 q=29.0 size=   10240KiB time=00:00:17.86 bitrate=4695.1kbits/s speed=2.08x elapsed=0:00:08.56    
frame=  573 fps= 63 q=29.0 size=   11008KiB time=00:00:19.03 bitrate=4737.9kbits/s speed= 2.1x elapsed=0:00:09.07    
frame=  614 fps= 64 q=29.0 size=   11776KiB time=00:00:20.40 bitrate=4728.9kbits/s speed=2.13x elapsed=0:00:09.57    
frame=  638 fps= 63 q=29.0 size=   12288KiB time=00:00:21.20 bitrate=4748.3kbits/s speed= 2.1x elapsed=0:00:10.07    
frame=  675 fps= 64 q=29.0 size=   12800KiB time=00:00:22.43 bitrate=4674.2kbits/s speed=2.12x elapsed=0:00:10.58    
frame=  716 fps= 65 q=26.0 size=   13568KiB time=00:00:23.80 bitrate=4670.1kbits/s speed=2.15x elapsed=0:00:11.08    
frame=  753 fps= 65 q=29.0 size=   14336KiB time=00:00:25.03 bitrate=4691.4kbits/s speed=2.16x elapsed=0:00:11.58    
frame=  789 fps= 65 q=29.0 size=   15104KiB time=00:00:26.23 bitrate=4716.6kbits/s speed=2.17x elapsed=0:00:12.09    
frame=  821 fps= 65 q=29.0 size=   15616KiB time=00:00:27.30 bitrate=4686.0kbits/s speed=2.17x elapsed=0:00:12.59    
frame=  842 fps= 64 q=29.0 size=   16128KiB time=00:00:28.00 bitrate=4718.6kbits/s speed=2.14x elapsed=0:00:13.10    
frame=  865 fps= 64 q=29.0 size=   16384KiB time=00:00:28.76 bitrate=4665.8kbits/s speed=2.11x elapsed=0:00:13.60    
frame=  886 fps= 63 q=29.0 size=   16896KiB time=00:00:29.46 bitrate=4697.3kbits/s speed=2.09x elapsed=0:00:14.11    
[out#0/mp4 @ 0x7fec09140] video:16815KiB audio:956KiB subtitle:0KiB other streams:0KiB global headers:0KiB muxing overhead: 0.192349%
frame=  934 fps= 64 q=-1.0 Lsize=   17806KiB time=00:00:31.06 bitrate=4695.2kbits/s speed=2.13x elapsed=0:00:14.60    
[libx264 @ 0x7ff299880] frame I:5     Avg QP:20.15  size: 68460
[libx264 @ 0x7ff299880] frame P:343   Avg QP:22.17  size: 29318
[libx264 @ 0x7ff299880] frame B:586   Avg QP:24.16  size: 11638
[libx264 @ 0x7ff299880] consecutive B-frames:  0.9% 43.3%  9.6% 46.3%
[libx264 @ 0x7ff299880] mb I  I16..4: 28.3% 57.5% 14.2%
[libx264 @ 0x7ff299880] mb P  I16..4: 10.4% 18.9%  1.7%  P16..4: 37.2%  9.2%  3.1%  0.0%  0.0%    skip:19.5%
[libx264 @ 0x7ff299880] mb B  I16..4:  3.4%  5.6%  0.2%  B16..8: 27.4%  4.4%  0.1%  direct:13.5%  skip:45.4%  L0:44.3% L1:50.1% BI: 5.5%
[libx264 @ 0x7ff299880] 8x8 transform intra:60.8% inter:75.9%
[libx264 @ 0x7ff299880] coded y,uvDC,uvAC intra: 29.1% 57.0% 6.8% inter: 9.3% 24.3% 0.2%
[libx264 @ 0x7ff299880] i16 v,h,dc,p: 36% 24% 19% 21%
[libx264 @ 0x7ff299880] i8 v,h,dc,ddl,ddr,vr,hd,vl,hu: 27% 17% 34%  3%  4%  4%  4%  5%  3%
[libx264 @ 0x7ff299880] i4 v,h,dc,ddl,ddr,vr,hd,vl,hu: 25% 18% 17%  4% 10%  8%  9%  6%  3%
[libx264 @ 0x7ff299880] i8c dc,h,v,p: 48% 21% 25%  7%
[libx264 @ 0x7ff299880] Weighted P-Frames: Y:0.3% UV:0.0%
[libx264 @ 0x7ff299880] ref P L0: 81.3% 18.7%
[libx264 @ 0x7ff299880] ref B L0: 88.8% 11.2%
[libx264 @ 0x7ff299880] ref B L1: 98.1%  1.9%
[libx264 @ 0x7ff299880] kb/s:4424.34

--- STDOUT ---

--- STDERR ---
