Running ffmpeg command:
ffmpeg -y -i jobs/8fc8e31b-e999-4513-afbf-af869034600c/A-roll.mp4 -vf 'drawtext=text='"'"'Hello Buttercut'"'"':x=100:y=100:fontsize=24:fontcolor=white:box=1:boxcolor=black@0.5:boxborderw=10:enable='"'"'between(t,0,5)'"'"'' -c:v libx264 -preset fast -c:a copy jobs/8fc8e31b-e999-4513-afbf-af869034600c/rendered.mp4

--- STDOUT ---

--- STDERR ---
ffmpeg version 8.0.1 Copyright (c) 2000-2025 the FFmpeg developers
  built with Apple clang version 17.0.0 (clang-1700.4.4.1)
  configuration: --prefix=/opt/homebrew/Cellar/ffmpeg/8.0.1 --enable-shared --enable-pthreads --enable-version3 --cc=clang --host-cflags= --host-ldflags= --enable-ffplay --enable-gnutls --enable-gpl --enable-libaom --enable-libaribb24 --enable-libbluray --enable-libdav1d --enable-libharfbuzz --enable-libjxl --enable-libmp3lame --enable-libopus --enable-librav1e --enable-librist --enable-librubberband --enable-libsnappy --enable-libsrt --enable-libssh --enable-libsvtav1 --enable-libtesseract --enable-libtheora --enable-libvidstab --enable-libvmaf --enable-libvorbis --enable-libvpx --enable-libwebp --enable-libx264 --enable-libx265 --enable-libxml2 --enable-libxvid --enable-lzma --enable-libfontconfig --enable-libfreetype --enable-frei0r --enable-libass --enable-libopencore-amrnb --enable-libopencore-amrwb --enable-libopenjpeg --enable-libspeex --enable-libsoxr --enable-libzmq --enable-libzimg --disable-libjack --disable-indev=jack --enable-videotoolbox --enable-audiotoolbox --enable-neon
  libavutil      60.  8.100 / 60.  8.100
  libavcodec     62. 11.100 / 62. 11.100
  libavformat    62.  3.100 / 62.  3.100
  libavdevice    62.  1.100 / 62.  1.100
  libavfilter    11.  4.100 / 11.  4.100
  libswscale      9.  1.100 /  9.  1.100
  libswresample   6.  1.100 /  6.  1.100
Input #0, mov,mp4,m4a,3gp,3g2,mj2, from 'jobs/8fc8e31b-e999-4513-afbf-af869034600c/A-roll.mp4':
  Metadata:
    major_brand     : mp42
    minor_version   : 1
    compatible_brands: isommp41mp42
    creation_time   : 2025-05-30T08:42:13.000000Z
  Duration: 00:00:31.13, start: 0.000000, bitrate: 9437 kb/s
  Stream #0:0[0x1](und): Video: h264 (High) (avc1 / 0x31637661), yuv420p(tv, bt709, progressive), 1080x1920, 9181 kb/s, 30 fps, 30 tbr, 600 tbn (default)
    Metadata:
      creation_time   : 2025-05-30T08:42:13.000000Z
      handler_name    : Core Media Video
      vendor_id       : [0][0][0][0]
  Stream #0:1[0x2](und): Audio: aac (LC) (mp4a / 0x6134706D), 44100 Hz, stereo, fltp, 251 kb/s (default)
    Metadata:
      creation_time   : 2025-05-30T08:42:13.000000Z
      handler_name    : Core Media Audio
      vendor_id       : [0][0][0][0]
Stream mapping:
  Stream #0:0 -> #0:0 (h264 (native) -> h264 (libx264))
  Stream #0:1 -> #0:1 (copy)
Press [q] to stop, [?] for help
[libx264 @ 0xa65164000] using cpu capabilities: ARMv8 NEON DotProd
[libx264 @ 0xa65164000] profile High, level 4.0, 4:2:0, 8-bit
[libx264 @ 0xa65164000] 264 - core 165 r3222 b35605a - H.264/MPEG-4 AVC codec - Copyleft 2003-2025 - http://www.videolan.org/x264.html - options: cabac=1 ref=2 deblock=1:0:0 analyse=0x3:0x113 me=hex subme=6 psy=1 psy_rd=1.00:0.00 mixed_ref=1 me_range=16 chroma_me=1 trellis=1 8x8dct=1 cqm=0 deadzone=21,11 fast_pskip=1 chroma_qp_offset=-2 threads=12 lookahead_threads=2 sliced_threads=0 nr=0 decimate=1 interlaced=0 bluray_compat=0 constrained_intra=0 bframes=3 b_pyramid=2 b_adapt=1 b_bias=0 direct=1 weightb=1 open_gop=0 weightp=1 keyint=250 keyint_min=25 scenecut=40 intra_refresh=0 rc_lookahead=30 rc=crf mbtree=1 crf=23.0 qcomp=0.60 qpmin=0 qpmax=69 qpstep=4 ip_ratio=1.40 aq=1:1.00
Output #0, mp4, to 'jobs/8fc8e31b-e999-4513-afbf-af869034600c/rendered.mp4':
  Metadata:
    major_brand     : mp42
    minor_version   : 1
    compatible_brands: isommp41mp42
    encoder         : Lavf62.3.100
  Stream #0:0(und): Video: h264 (avc1 / 0x31637661), yuv420p(tv, bt709, progressive), 1080x1920, q=2-31, 30 fps, 15360 tbn (default)
    Metadata:
      encoder         : Lavc62.11.100 libx264
      creation_time   : 2025-05-30T08:42:13.000000Z
      handler_name    : Core Media Video
      vendor_id       : [0][0][0][0]
    Side data:
      cpb: bitrate max/min/avg: 0/0/0 buffer size: 0 vbv_delay: N/A
  Stream #0:1(und): Audio: aac (LC) (mp4a / 0x6134706D), 44100 Hz, stereo, fltp, 251 kb/s (default)
    Metadata:
      creation_time   : 2025-05-30T08:42:13.000000Z
      handler_name    : Core Media Audio
      vendor_id       : [0][0][0][0]
frame=    3 fps=0.0 q=29.0 size=       0KiB time=00:00:00.03 bitrate=  11.5kbits/s speed=0.0659x elapsed=0:00:00.50    
frame=   23 fps= 23 q=29.0 size=     256KiB time=00:00:00.70 bitrate=2996.5kbits/s speed=0.694x elapsed=0:00:01.00    
frame=   40 fps= 26 q=29.0 size=     512KiB time=00:00:01.26 bitrate=3311.6kbits/s speed=0.837x elapsed=0:00:01.51    
frame=   70 fps= 35 q=29.0 size=    1280KiB time=00:00:02.26 bitrate=4626.2kbits/s speed=1.12x elapsed=0:00:02.01    
frame=  101 fps= 40 q=29.0 size=    1792KiB time=00:00:03.30 bitrate=4448.6kbits/s speed=1.31x elapsed=0:00:02.52    
frame=  128 fps= 42 q=29.0 size=    2304KiB time=00:00:04.20 bitrate=4494.0kbits/s speed=1.39x elapsed=0:00:03.02    
frame=  155 fps= 44 q=29.0 size=    2816KiB time=00:00:05.10 bitrate=4523.3kbits/s speed=1.45x elapsed=0:00:03.52    
frame=  185 fps= 46 q=29.0 size=    3584KiB time=00:00:06.10 bitrate=4813.2kbits/s speed=1.51x elapsed=0:00:04.03    
frame=  215 fps= 47 q=29.0 size=    4096KiB time=00:00:07.10 bitrate=4726.0kbits/s speed=1.57x elapsed=0:00:04.53    
frame=  252 fps= 50 q=29.0 size=    4864KiB time=00:00:08.33 bitrate=4781.6kbits/s speed=1.65x elapsed=0:00:05.03    
frame=  273 fps= 49 q=29.0 size=    5120KiB time=00:00:09.03 bitrate=4643.2kbits/s speed=1.63x elapsed=0:00:05.54    
frame=  294 fps= 49 q=29.0 size=    5632KiB time=00:00:09.73 bitrate=4740.2kbits/s speed=1.61x elapsed=0:00:06.04    
frame=  326 fps= 50 q=29.0 size=    6144KiB time=00:00:10.80 bitrate=4660.4kbits/s speed=1.65x elapsed=0:00:06.55    
frame=  363 fps= 51 q=29.0 size=    6912KiB time=00:00:12.03 bitrate=4705.6kbits/s speed=1.71x elapsed=0:00:07.05    
frame=  399 fps= 53 q=29.0 size=    7680KiB time=00:00:13.23 bitrate=4754.3kbits/s speed=1.75x elapsed=0:00:07.56    
frame=  432 fps= 54 q=29.0 size=    8192KiB time=00:00:14.33 bitrate=4682.0kbits/s speed=1.78x elapsed=0:00:08.06    
frame=  449 fps= 52 q=29.0 size=    8448KiB time=00:00:14.90 bitrate=4644.7kbits/s speed=1.74x elapsed=0:00:08.57    
frame=  480 fps= 53 q=29.0 size=    8960KiB time=00:00:15.93 bitrate=4606.7kbits/s speed=1.75x elapsed=0:00:09.07    
frame=  517 fps= 54 q=29.0 size=    9728KiB time=00:00:17.16 bitrate=4642.3kbits/s speed=1.79x elapsed=0:00:09.58    
frame=  552 fps= 55 q=29.0 size=   10240KiB time=00:00:18.33 bitrate=4575.6kbits/s speed=1.82x elapsed=0:00:10.08    
frame=  589 fps= 56 q=29.0 size=   11264KiB time=00:00:19.56 bitrate=4715.9kbits/s speed=1.85x elapsed=0:00:10.58    
frame=  629 fps= 57 q=29.0 size=   12032KiB time=00:00:20.90 bitrate=4716.1kbits/s speed=1.88x elapsed=0:00:11.08    
frame=  664 fps= 57 q=29.0 size=   12544KiB time=00:00:22.06 bitrate=4656.8kbits/s speed= 1.9x elapsed=0:00:11.59    
frame=  703 fps= 58 q=29.0 size=   13312KiB time=00:00:23.36 bitrate=4667.0kbits/s speed=1.93x elapsed=0:00:12.09    
frame=  742 fps= 59 q=29.0 size=   14080KiB time=00:00:24.66 bitrate=4676.1kbits/s speed=1.96x elapsed=0:00:12.60    
frame=  778 fps= 59 q=29.0 size=   14848KiB time=00:00:25.86 bitrate=4702.4kbits/s speed=1.97x elapsed=0:00:13.10    
frame=  806 fps= 59 q=29.0 size=   15360KiB time=00:00:26.80 bitrate=4695.1kbits/s speed=1.97x elapsed=0:00:13.61    
frame=  839 fps= 59 q=29.0 size=   15872KiB time=00:00:27.90 bitrate=4660.4kbits/s speed=1.97x elapsed=0:00:14.13    
frame=  875 fps= 60 q=29.0 size=   16640KiB time=00:00:29.10 bitrate=4684.4kbits/s speed=1.99x elapsed=0:00:14.63    
frame=  922 fps= 61 q=29.0 size=   17408KiB time=00:00:30.66 bitrate=4650.2kbits/s speed=2.03x elapsed=0:00:15.13    
[out#0/mp4 @ 0xa64c08780] video:16746KiB audio:956KiB subtitle:0KiB other streams:0KiB global headers:0KiB muxing overhead: 0.193097%
frame=  934 fps= 61 q=-1.0 Lsize=   17737KiB time=00:00:31.06 bitrate=4677.1kbits/s speed=2.04x elapsed=0:00:15.21    
[libx264 @ 0xa65164000] frame I:6     Avg QP:20.11  size: 65738
[libx264 @ 0xa65164000] frame P:349   Avg QP:22.16  size: 28934
[libx264 @ 0xa65164000] frame B:579   Avg QP:24.15  size: 11494
[libx264 @ 0xa65164000] consecutive B-frames:  1.1% 45.6%  9.6% 43.7%
[libx264 @ 0xa65164000] mb I  I16..4: 28.5% 58.0% 13.6%
[libx264 @ 0xa65164000] mb P  I16..4: 10.2% 18.6%  1.7%  P16..4: 37.4%  9.1%  3.1%  0.0%  0.0%    skip:19.8%
[libx264 @ 0xa65164000] mb B  I16..4:  3.4%  5.5%  0.2%  B16..8: 27.3%  4.3%  0.1%  direct:13.4%  skip:45.8%  L0:44.0% L1:50.5% BI: 5.5%
[libx264 @ 0xa65164000] 8x8 transform intra:60.7% inter:76.3%
[libx264 @ 0xa65164000] coded y,uvDC,uvAC intra: 29.0% 56.9% 6.8% inter: 9.3% 24.2% 0.2%
[libx264 @ 0xa65164000] i16 v,h,dc,p: 36% 24% 19% 21%
[libx264 @ 0xa65164000] i8 v,h,dc,ddl,ddr,vr,hd,vl,hu: 27% 17% 34%  3%  4%  4%  4%  5%  3%
[libx264 @ 0xa65164000] i4 v,h,dc,ddl,ddr,vr,hd,vl,hu: 25% 18% 17%  4% 10%  8%  9%  6%  3%
[libx264 @ 0xa65164000] i8c dc,h,v,p: 48% 21% 25%  7%
[libx264 @ 0xa65164000] Weighted P-Frames: Y:0.3% UV:0.0%
[libx264 @ 0xa65164000] ref P L0: 81.6% 18.4%
[libx264 @ 0xa65164000] ref B L0: 88.9% 11.1%
[libx264 @ 0xa65164000] ref B L1: 98.2%  1.8%
[libx264 @ 0xa65164000] kb/s:4406.21
