Running ffmpeg command:
ffmpeg -y -i jobs/3e2839d1-f28d-428f-af72-54c6bcbdbc05/77612.mp4 -i jobs/3e2839d1-f28d-428f-af72-54c6bcbdbc05/overlay_1764390974290_1.png -i jobs/3e2839d1-f28d-428f-af72-54c6bcbdbc05/overlay_1764390974290_2.mp4 -i jobs/3e2839d1-f28d-428f-af72-54c6bcbdbc05/overlay_1764390974290_3.mp4 -filter_complex '[0:v]drawtext=text='"'"'Hello'"'"':x=40:y=200:fontsize=28:fontcolor=white:box=1:boxcolor=black@0.5:boxborderw=10:enable='"'"'between(t,0,3)'"'"'[txttxt_1764390536269_981]; [txttxt_1764390536269_981]drawtext=text='"'"'Hello'"'"':x=28:y=-56:fontsize=28:fontcolor=white:box=1:boxcolor=black@0.5:boxborderw=10:enable='"'"'between(t,0,3)'"'"'[txttxt_1764390538608_590]; [1:v]scale=120:120[ov1]; [txttxt_1764390538608_590][ov1]overlay=250:-63:enable='"'"'between(t,0,3)'"'"'[tmp1]; [2:v]scale=160:120[ov2]; [tmp1][ov2]overlay=185:241:enable='"'"'between(t,0,3)'"'"'[tmp2]; [3:v]scale=160:120[ov3]; [tmp2][ov3]overlay=21:322:enable='"'"'between(t,0,3)'"'"'[tmp3]' -map '[tmp3]' -map '0:a?' -c:v libx264 -preset fast -c:a copy jobs/3e2839d1-f28d-428f-af72-54c6bcbdbc05/rendered.mp4

ffmpeg version 8.0.1 Copyright (c) 2000-2025 the FFmpeg developers
  built with Apple clang version 17.0.0 (clang-1700.4.4.1)
  configuration: --prefix=/opt/homebrew/Cellar/ffmpeg/8.0.1 --enable-shared --enable-pthreads --enable-version3 --cc=clang --host-cflags= --host-ldflags= --enable-ffplay --enable-gnutls --enable-gpl --enable-libaom --enable-libaribb24 --enable-libbluray --enable-libdav1d --enable-libharfbuzz --enable-libjxl --enable-libmp3lame --enable-libopus --enable-librav1e --enable-librist --enable-librubberband --enable-libsnappy --enable-libsrt --enable-libssh --enable-libsvtav1 --enable-libtesseract --enable-libtheora --enable-libvidstab --enable-libvmaf --enable-libvorbis --enable-libvpx --enable-libwebp --enable-libx264 --enable-libx265 --enable-libxml2 --enable-libxvid --enable-lzma --enable-libfontconfig --enable-libfreetype --enable-frei0r --enable-libass --enable-libopencore-amrnb --enable-libopencore-amrwb --enable-libopenjpeg --enable-libspeex --enable-libsoxr --enable-libzmq --enable-libzimg --disable-libjack --disable-indev=jack --enable-videotoolbox --enable-audiotoolbox --enable-neon
  libavutil      60.  8.100 / 60.  8.100
  libavcodec     62. 11.100 / 62. 11.100
  libavformat    62.  3.100 / 62.  3.100
  libavdevice    62.  1.100 / 62.  1.100
  libavfilter    11.  4.100 / 11.  4.100
  libswscale      9.  1.100 /  9.  1.100
  libswresample   6.  1.100 /  6.  1.100
Input #0, mov,mp4,m4a,3gp,3g2,mj2, from 'jobs/3e2839d1-f28d-428f-af72-54c6bcbdbc05/77612.mp4':
  Metadata:
    major_brand     : mp42
    minor_version   : 1
    compatible_brands: isommp41mp42
    creation_time   : 2025-05-30T08:42:13.000000Z
  Duration: 00:00:31.13, start: 0.000000, bitrate: 9437 kb/s
  Stream #0:0[0x1](und): Video: h264 (High) (avc1 / 0x31637661), yuv420p(tv, bt709, progressive), 1080x1920, 9181 kb/s, 30 fps, 30 tbr, 600 tbn (default)
    Metadata:
      creation_time   : 2025-05-30T08:42:13.000000Z
      handler_name    : Core Media Video
      vendor_id       : [0][0][0][0]
  Stream #0:1[0x2](und): Audio: aac (LC) (mp4a / 0x6134706D), 44100 Hz, stereo, fltp, 251 kb/s (default)
    Metadata:
      creation_time   : 2025-05-30T08:42:13.000000Z
      handler_name    : Core Media Audio
      vendor_id       : [0][0][0][0]
Input #1, png_pipe, from 'jobs/3e2839d1-f28d-428f-af72-54c6bcbdbc05/overlay_1764390974290_1.png':
  Duration: N/A, bitrate: N/A
  Stream #1:0: Video: png, rgb24(pc, gbr/unknown/unknown), 1024x1024, 25 fps, 25 tbr, 25 tbn
Input #2, mov,mp4,m4a,3gp,3g2,mj2, from 'jobs/3e2839d1-f28d-428f-af72-54c6bcbdbc05/overlay_1764390974290_2.mp4':
  Metadata:
    major_brand     : isom
    minor_version   : 512
    compatible_brands: isomiso2avc1mp41
    encoder         : Lavf58.76.100
  Duration: 00:00:05.88, start: 0.000000, bitrate: 632 kb/s
  Stream #2:0[0x1](und): Video: h264 (High) (avc1 / 0x31637661), yuv420p(progressive), 768x1152, 628 kb/s, 24 fps, 24 tbr, 12288 tbn (default)
    Metadata:
      handler_name    : VideoHandler
      vendor_id       : [0][0][0][0]
Input #3, mov,mp4,m4a,3gp,3g2,mj2, from 'jobs/3e2839d1-f28d-428f-af72-54c6bcbdbc05/overlay_1764390974290_3.mp4':
  Metadata:
    major_brand     : isom
    minor_version   : 512
    compatible_brands: isomiso2avc1mp41
    encoder         : Lavf58.76.100
  Duration: 00:00:05.88, start: 0.000000, bitrate: 1843 kb/s
  Stream #3:0[0x1](und): Video: h264 (High) (avc1 / 0x31637661), yuv420p(progressive), 1152x768, 1840 kb/s, 24 fps, 24 tbr, 12288 tbn (default)
    Metadata:
      handler_name    : VideoHandler
      vendor_id       : [0][0][0][0]
Stream mapping:
  Stream #0:0 (h264) -> drawtext:default
  Stream #1:0 (png) -> scale:default
  Stream #2:0 (h264) -> scale:default
  Stream #3:0 (h264) -> scale:default
  overlay:default -> Stream #0:0 (libx264)
  Stream #0:1 -> #0:1 (copy)
Press [q] to stop, [?] for help
[libx264 @ 0xc22e0d500] using cpu capabilities: ARMv8 NEON DotProd
[libx264 @ 0xc22e0d500] profile High, level 4.0, 4:2:0, 8-bit
[libx264 @ 0xc22e0d500] 264 - core 165 r3222 b35605a - H.264/MPEG-4 AVC codec - Copyleft 2003-2025 - http://www.videolan.org/x264.html - options: cabac=1 ref=2 deblock=1:0:0 analyse=0x3:0x113 me=hex subme=6 psy=1 psy_rd=1.00:0.00 mixed_ref=1 me_range=16 chroma_me=1 trellis=1 8x8dct=1 cqm=0 deadzone=21,11 fast_pskip=1 chroma_qp_offset=-2 threads=12 lookahead_threads=2 sliced_threads=0 nr=0 decimate=1 interlaced=0 bluray_compat=0 constrained_intra=0 bframes=3 b_pyramid=2 b_adapt=1 b_bias=0 direct=1 weightb=1 open_gop=0 weightp=1 keyint=250 keyint_min=25 scenecut=40 intra_refresh=0 rc_lookahead=30 rc=crf mbtree=1 crf=23.0 qcomp=0.60 qpmin=0 qpmax=69 qpstep=4 ip_ratio=1.40 aq=1:1.00
Output #0, mp4, to 'jobs/3e2839d1-f28d-428f-af72-54c6bcbdbc05/rendered.mp4':
  Metadata:
    major_brand     : mp42
    minor_version   : 1
    compatible_brands: isommp41mp42
    encoder         : Lavf62.3.100
  Stream #0:0: Video: h264 (avc1 / 0x31637661), yuv420p(tv, bt709, progressive), 1080x1920, q=2-31, 30 fps, 15360 tbn
    Metadata:
      encoder         : Lavc62.11.100 libx264
    Side data:
      cpb: bitrate max/min/avg: 0/0/0 buffer size: 0 vbv_delay: N/A
  Stream #0:1(und): Audio: aac (LC) (mp4a / 0x6134706D), 44100 Hz, stereo, fltp, 251 kb/s (default)
    Metadata:
      creation_time   : 2025-05-30T08:42:13.000000Z
      handler_name    : Core Media Audio
      vendor_id       : [0][0][0][0]
frame=    0 fps=0.0 q=0.0 size=       0KiB time=N/A bitrate=N/A speed=N/A elapsed=0:00:00.50    
frame=    0 fps=0.0 q=0.0 size=       0KiB time=N/A bitrate=N/A speed=N/A elapsed=0:00:01.00    
frame=    5 fps=3.3 q=29.0 size=       0KiB time=00:00:00.10 bitrate=   3.8kbits/s speed=0.0662x elapsed=0:00:01.51    
frame=   19 fps=9.4 q=29.0 size=     256KiB time=00:00:00.56 bitrate=3701.5kbits/s speed=0.282x elapsed=0:00:02.01    
frame=   24 fps=9.5 q=29.0 size=     256KiB time=00:00:00.73 bitrate=2860.3kbits/s speed=0.291x elapsed=0:00:02.51    
frame=   35 fps= 12 q=29.0 size=     512KiB time=00:00:01.10 bitrate=3813.4kbits/s speed=0.364x elapsed=0:00:03.02    
frame=   41 fps= 12 q=29.0 size=     768KiB time=00:00:01.30 bitrate=4839.9kbits/s speed=0.367x elapsed=0:00:03.54    
frame=   58 fps= 14 q=29.0 size=    1024KiB time=00:00:01.86 bitrate=4494.1kbits/s speed=0.461x elapsed=0:00:04.05    
frame=   69 fps= 15 q=29.0 size=    1280KiB time=00:00:02.23 bitrate=4695.3kbits/s speed=0.49x elapsed=0:00:04.55    
frame=   77 fps= 15 q=29.0 size=    1280KiB time=00:00:02.50 bitrate=4194.5kbits/s speed=0.494x elapsed=0:00:05.05    
frame=   86 fps= 15 q=29.0 size=    1536KiB time=00:00:02.80 bitrate=4494.0kbits/s speed=0.503x elapsed=0:00:05.56    
frame=   96 fps= 16 q=29.0 size=    1792KiB time=00:00:03.13 bitrate=4685.2kbits/s speed=0.517x elapsed=0:00:06.06    
frame=  106 fps= 16 q=29.0 size=    1792KiB time=00:00:03.46 bitrate=4234.7kbits/s speed=0.528x elapsed=0:00:06.56    
frame=  116 fps= 16 q=29.0 size=    2048KiB time=00:00:03.80 bitrate=4415.2kbits/s speed=0.537x elapsed=0:00:07.07    
frame=  130 fps= 17 q=29.0 size=    2304KiB time=00:00:04.26 bitrate=4423.8kbits/s speed=0.562x elapsed=0:00:07.58    
frame=  138 fps= 17 q=29.0 size=    2560KiB time=00:00:04.53 bitrate=4626.2kbits/s speed=0.56x elapsed=0:00:08.09    
frame=  146 fps= 17 q=29.0 size=    2816KiB time=00:00:04.80 bitrate=4806.1kbits/s speed=0.558x elapsed=0:00:08.59    
frame=  160 fps= 18 q=29.0 size=    3072KiB time=00:00:05.26 bitrate=4778.4kbits/s speed=0.579x elapsed=0:00:09.10    
frame=  174 fps= 18 q=29.0 size=    3328KiB time=00:00:05.73 bitrate=4755.2kbits/s speed=0.597x elapsed=0:00:09.60    
frame=  186 fps= 18 q=29.0 size=    3584KiB time=00:00:06.13 bitrate=4787.0kbits/s speed=0.606x elapsed=0:00:10.11    
frame=  198 fps= 19 q=29.0 size=    3840KiB time=00:00:06.53 bitrate=4814.9kbits/s speed=0.615x elapsed=0:00:10.61    
frame=  207 fps= 19 q=29.0 size=    3840KiB time=00:00:06.83 bitrate=4603.6kbits/s speed=0.614x elapsed=0:00:11.12    
frame=  220 fps= 19 q=29.0 size=    4096KiB time=00:00:07.26 bitrate=4617.6kbits/s speed=0.625x elapsed=0:00:11.62    
frame=  230 fps= 19 q=29.0 size=    4352KiB time=00:00:07.60 bitrate=4691.0kbits/s speed=0.626x elapsed=0:00:12.13    
frame=  244 fps= 19 q=29.0 size=    4608KiB time=00:00:08.06 bitrate=4679.6kbits/s speed=0.638x elapsed=0:00:12.64    
frame=  259 fps= 20 q=29.0 size=    4864KiB time=00:00:08.56 bitrate=4651.3kbits/s speed=0.652x elapsed=0:00:13.14    
frame=  269 fps= 20 q=29.0 size=    5120KiB time=00:00:08.90 bitrate=4712.7kbits/s speed=0.652x elapsed=0:00:13.64    
frame=  281 fps= 20 q=29.0 size=    5376KiB time=00:00:09.30 bitrate=4735.5kbits/s speed=0.657x elapsed=0:00:14.15    
frame=  289 fps= 20 q=29.0 size=    5632KiB time=00:00:09.56 bitrate=4822.8kbits/s speed=0.653x elapsed=0:00:14.65    
frame=  302 fps= 20 q=29.0 size=    5632KiB time=00:00:10.03 bitrate=4598.4kbits/s speed=0.662x elapsed=0:00:15.15    
frame=  316 fps= 20 q=29.0 size=    5888KiB time=00:00:10.46 bitrate=4608.4kbits/s speed=0.668x elapsed=0:00:15.66    
frame=  330 fps= 20 q=29.0 size=    6400KiB time=00:00:10.93 bitrate=4795.4kbits/s speed=0.676x elapsed=0:00:16.16    
frame=  348 fps= 21 q=29.0 size=    6656KiB time=00:00:11.53 bitrate=4727.7kbits/s speed=0.692x elapsed=0:00:16.66    
frame=  368 fps= 21 q=29.0 size=    6912KiB time=00:00:12.20 bitrate=4641.3kbits/s speed=0.711x elapsed=0:00:17.16    
frame=  387 fps= 22 q=29.0 size=    7424KiB time=00:00:12.83 bitrate=4739.0kbits/s speed=0.726x elapsed=0:00:17.67    
frame=  406 fps= 22 q=29.0 size=    7680KiB time=00:00:13.46 bitrate=4671.9kbits/s speed=0.741x elapsed=0:00:18.17    
frame=  422 fps= 23 q=29.0 size=    7936KiB time=00:00:14.00 bitrate=4643.7kbits/s speed=0.749x elapsed=0:00:18.68    
frame=  442 fps= 23 q=29.0 size=    8448KiB time=00:00:14.66 bitrate=4718.6kbits/s speed=0.764x elapsed=0:00:19.19    
frame=  449 fps= 23 q=29.0 size=    8448KiB time=00:00:14.90 bitrate=4644.7kbits/s speed=0.757x elapsed=0:00:19.69    
frame=  457 fps= 23 q=29.0 size=    8704KiB time=00:00:15.16 bitrate=4701.3kbits/s speed=0.751x elapsed=0:00:20.20    
frame=  464 fps= 22 q=29.0 size=    8704KiB time=00:00:15.40 bitrate=4630.1kbits/s speed=0.744x elapsed=0:00:20.70    
frame=  482 fps= 23 q=29.0 size=    8960KiB time=00:00:16.00 bitrate=4587.5kbits/s speed=0.754x elapsed=0:00:21.21    
frame=  499 fps= 23 q=29.0 size=    9472KiB time=00:00:16.56 bitrate=4683.8kbits/s speed=0.763x elapsed=0:00:21.72    
frame=  513 fps= 23 q=29.0 size=    9728KiB time=00:00:17.03 bitrate=4678.6kbits/s speed=0.766x elapsed=0:00:22.22    
frame=  525 fps= 23 q=29.0 size=    9984KiB time=00:00:17.43 bitrate=4691.5kbits/s speed=0.767x elapsed=0:00:22.72    
frame=  534 fps= 23 q=29.0 size=    9984KiB time=00:00:17.73 bitrate=4612.2kbits/s speed=0.763x elapsed=0:00:23.22    
frame=  542 fps= 23 q=29.0 size=   10240KiB time=00:00:18.00 bitrate=4660.4kbits/s speed=0.758x elapsed=0:00:23.73    
frame=  549 fps= 23 q=29.0 size=   10240KiB time=00:00:18.23 bitrate=4600.7kbits/s speed=0.752x elapsed=0:00:24.23    
frame=  553 fps= 22 q=29.0 size=   10496KiB time=00:00:18.36 bitrate=4681.5kbits/s speed=0.742x elapsed=0:00:24.74    
frame=  563 fps= 22 q=29.0 size=   10496KiB time=00:00:18.70 bitrate=4598.1kbits/s speed=0.74x elapsed=0:00:25.25    
frame=  570 fps= 22 q=29.0 size=   10752KiB time=00:00:18.93 bitrate=4652.2kbits/s speed=0.735x elapsed=0:00:25.76    
frame=  580 fps= 22 q=29.0 size=   11008KiB time=00:00:19.26 bitrate=4680.5kbits/s speed=0.734x elapsed=0:00:26.26    
frame=  592 fps= 22 q=29.0 size=   11264KiB time=00:00:19.66 bitrate=4692.0kbits/s speed=0.734x elapsed=0:00:26.78    
frame=  599 fps= 22 q=29.0 size=   11520KiB time=00:00:19.90 bitrate=4742.3kbits/s speed=0.729x elapsed=0:00:27.28    
frame=  604 fps= 22 q=29.0 size=   11520KiB time=00:00:20.06 bitrate=4702.9kbits/s speed=0.722x elapsed=0:00:27.79    
frame=  616 fps= 22 q=29.0 size=   11776KiB time=00:00:20.46 bitrate=4713.5kbits/s speed=0.723x elapsed=0:00:28.30    
frame=  625 fps= 22 q=29.0 size=   11776KiB time=00:00:20.76 bitrate=4645.4kbits/s speed=0.72x elapsed=0:00:28.83    
frame=  633 fps= 22 q=29.0 size=   12032KiB time=00:00:21.03 bitrate=4686.2kbits/s speed=0.717x elapsed=0:00:29.34    
frame=  644 fps= 22 q=29.0 size=   12288KiB time=00:00:21.40 bitrate=4703.9kbits/s speed=0.717x elapsed=0:00:29.84    
frame=  662 fps= 22 q=29.0 size=   12544KiB time=00:00:22.00 bitrate=4670.9kbits/s speed=0.725x elapsed=0:00:30.35    
frame=  675 fps= 22 q=29.0 size=   12800KiB time=00:00:22.43 bitrate=4674.2kbits/s speed=0.727x elapsed=0:00:30.85    
frame=  685 fps= 22 q=29.0 size=   13056KiB time=00:00:22.76 bitrate=4697.9kbits/s speed=0.726x elapsed=0:00:31.36    
frame=  694 fps= 22 q=29.0 size=   13056KiB time=00:00:23.06 bitrate=4636.8kbits/s speed=0.724x elapsed=0:00:31.87    
frame=  703 fps= 22 q=29.0 size=   13312KiB time=00:00:23.36 bitrate=4667.0kbits/s speed=0.722x elapsed=0:00:32.37    
frame=  714 fps= 22 q=29.0 size=   13568KiB time=00:00:23.73 bitrate=4683.3kbits/s speed=0.722x elapsed=0:00:32.88    
frame=  722 fps= 22 q=29.0 size=   13568KiB time=00:00:24.00 bitrate=4631.2kbits/s speed=0.719x elapsed=0:00:33.38    
frame=  731 fps= 22 q=29.0 size=   13824KiB time=00:00:24.30 bitrate=4660.4kbits/s speed=0.717x elapsed=0:00:33.88    
frame=  749 fps= 22 q=29.0 size=   14080KiB time=00:00:24.90 bitrate=4632.3kbits/s speed=0.724x elapsed=0:00:34.39    
frame=  774 fps= 22 q=29.0 size=   14848KiB time=00:00:25.73 bitrate=4726.8kbits/s speed=0.737x elapsed=0:00:34.89    
frame=  810 fps= 23 q=29.0 size=   15360KiB time=00:00:26.93 bitrate=4671.9kbits/s speed=0.761x elapsed=0:00:35.40    
frame=  846 fps= 24 q=29.0 size=   16128KiB time=00:00:28.13 bitrate=4696.2kbits/s speed=0.784x elapsed=0:00:35.90    
frame=  885 fps= 24 q=29.0 size=   16640KiB time=00:00:29.43 bitrate=4631.3kbits/s speed=0.808x elapsed=0:00:36.40    
[out#0/mp4 @ 0xc22c38a80] video:16776KiB audio:956KiB subtitle:0KiB other streams:0KiB global headers:0KiB muxing overhead: 0.192778%
frame=  934 fps= 25 q=-1.0 Lsize=   17766KiB time=00:00:31.06 bitrate=4684.8kbits/s speed=0.843x elapsed=0:00:36.85    
[libx264 @ 0xc22e0d500] frame I:5     Avg QP:20.15  size: 68231
[libx264 @ 0xc22e0d500] frame P:345   Avg QP:22.16  size: 29201
[libx264 @ 0xc22e0d500] frame B:584   Avg QP:24.16  size: 11579
[libx264 @ 0xc22e0d500] consecutive B-frames:  0.9% 44.1%  9.6% 45.4%
[libx264 @ 0xc22e0d500] mb I  I16..4: 27.9% 58.0% 14.1%
[libx264 @ 0xc22e0d500] mb P  I16..4: 10.3% 18.8%  1.7%  P16..4: 37.2%  9.2%  3.1%  0.0%  0.0%    skip:19.5%
[libx264 @ 0xc22e0d500] mb B  I16..4:  3.4%  5.6%  0.2%  B16..8: 27.4%  4.4%  0.1%  direct:13.4%  skip:45.6%  L0:44.3% L1:50.2% BI: 5.5%
[libx264 @ 0xc22e0d500] 8x8 transform intra:60.8% inter:76.0%
[libx264 @ 0xc22e0d500] coded y,uvDC,uvAC intra: 29.1% 56.9% 6.8% inter: 9.3% 24.3% 0.2%
[libx264 @ 0xc22e0d500] i16 v,h,dc,p: 36% 24% 19% 21%
[libx264 @ 0xc22e0d500] i8 v,h,dc,ddl,ddr,vr,hd,vl,hu: 27% 17% 34%  3%  4%  4%  4%  5%  3%
[libx264 @ 0xc22e0d500] i4 v,h,dc,ddl,ddr,vr,hd,vl,hu: 25% 18% 17%  4% 10%  8%  9%  6%  3%
[libx264 @ 0xc22e0d500] i8c dc,h,v,p: 48% 21% 25%  7%
[libx264 @ 0xc22e0d500] Weighted P-Frames: Y:0.6% UV:0.0%
[libx264 @ 0xc22e0d500] ref P L0: 81.4% 18.6%
[libx264 @ 0xc22e0d500] ref B L0: 88.8% 11.2%
[libx264 @ 0xc22e0d500] ref B L1: 98.2%  1.8%
[libx264 @ 0xc22e0d500] kb/s:4413.92

--- STDOUT ---

--- STDERR ---
