Running ffmpeg command:
ffmpeg -y -i jobs/ad32d1b4-1a32-4f43-8654-19b73cb8c485/77014.mp4 -i jobs/ad32d1b4-1a32-4f43-8654-19b73cb8c485/overlay_img_1764389322937_1.jpeg -filter_complex '[0:v]drawtext=text='"'"'Hello'"'"':x=217:y=277:fontsize=24:fontcolor=white:box=1:boxcolor=black@0.5:boxborderw=10:enable='"'"'between(t,0,5)'"'"'[txttxt_1764389052065_748]; [1:v]scale=160:160[ov1]; [txttxt_1764389052065_748][ov1]overlay=17:201:enable='"'"'between(t,0,5)'"'"'[tmp1]' -map '[tmp1]' -map '0:a?' -c:v libx264 -preset fast -c:a copy jobs/ad32d1b4-1a32-4f43-8654-19b73cb8c485/rendered.mp4

--- STDOUT ---

--- STDERR ---
ffmpeg version 8.0.1 Copyright (c) 2000-2025 the FFmpeg developers
  built with Apple clang version 17.0.0 (clang-1700.4.4.1)
  configuration: --prefix=/opt/homebrew/Cellar/ffmpeg/8.0.1 --enable-shared --enable-pthreads --enable-version3 --cc=clang --host-cflags= --host-ldflags= --enable-ffplay --enable-gnutls --enable-gpl --enable-libaom --enable-libaribb24 --enable-libbluray --enable-libdav1d --enable-libharfbuzz --enable-libjxl --enable-libmp3lame --enable-libopus --enable-librav1e --enable-librist --enable-librubberband --enable-libsnappy --enable-libsrt --enable-libssh --enable-libsvtav1 --enable-libtesseract --enable-libtheora --enable-libvidstab --enable-libvmaf --enable-libvorbis --enable-libvpx --enable-libwebp --enable-libx264 --enable-libx265 --enable-libxml2 --enable-libxvid --enable-lzma --enable-libfontconfig --enable-libfreetype --enable-frei0r --enable-libass --enable-libopencore-amrnb --enable-libopencore-amrwb --enable-libopenjpeg --enable-libspeex --enable-libsoxr --enable-libzmq --enable-libzimg --disable-libjack --disable-indev=jack --enable-videotoolbox --enable-audiotoolbox --enable-neon
  libavutil      60.  8.100 / 60.  8.100
  libavcodec     62. 11.100 / 62. 11.100
  libavformat    62.  3.100 / 62.  3.100
  libavdevice    62.  1.100 / 62.  1.100
  libavfilter    11.  4.100 / 11.  4.100
  libswscale      9.  1.100 /  9.  1.100
  libswresample   6.  1.100 /  6.  1.100
Input #0, mov,mp4,m4a,3gp,3g2,mj2, from 'jobs/ad32d1b4-1a32-4f43-8654-19b73cb8c485/77014.mp4':
  Metadata:
    major_brand     : mp42
    minor_version   : 0
    compatible_brands: mp42isom
  Duration: 00:00:20.35, start: 0.000000, bitrate: 1624 kb/s
  Stream #0:0[0x1](und): Video: h264 (High) (avc1 / 0x31637661), yuv420p(tv, bt709, progressive), 478x850, 1494 kb/s, 30 fps, 30 tbr, 90k tbn (default)
    Metadata:
      vendor_id       : [0][0][0][0]
  Stream #0:1[0x2](und): Audio: aac (LC) (mp4a / 0x6134706D), 44100 Hz, stereo, fltp, 128 kb/s (default)
    Metadata:
      vendor_id       : [0][0][0][0]
Input #1, image2, from 'jobs/ad32d1b4-1a32-4f43-8654-19b73cb8c485/overlay_img_1764389322937_1.jpeg':
  Duration: 00:00:00.04, start: 0.000000, bitrate: 28436 kb/s
  Stream #1:0: Video: mjpeg (Baseline), yuvj420p(pc, bt470bg/unknown/unknown), 1280x720 [SAR 96:96 DAR 16:9], 25 fps, 25 tbr, 25 tbn
Stream mapping:
  Stream #0:0 (h264) -> drawtext:default
  Stream #1:0 (mjpeg) -> scale:default
  overlay:default -> Stream #0:0 (libx264)
  Stream #0:1 -> #0:1 (copy)
Press [q] to stop, [?] for help
[swscaler @ 0xb4941c000] deprecated pixel format used, make sure you did set range correctly
[libx264 @ 0xb48de1880] using cpu capabilities: ARMv8 NEON DotProd
[libx264 @ 0xb48de1880] profile High, level 3.1, 4:2:0, 8-bit
[libx264 @ 0xb48de1880] 264 - core 165 r3222 b35605a - H.264/MPEG-4 AVC codec - Copyleft 2003-2025 - http://www.videolan.org/x264.html - options: cabac=1 ref=2 deblock=1:0:0 analyse=0x3:0x113 me=hex subme=6 psy=1 psy_rd=1.00:0.00 mixed_ref=1 me_range=16 chroma_me=1 trellis=1 8x8dct=1 cqm=0 deadzone=21,11 fast_pskip=1 chroma_qp_offset=-2 threads=12 lookahead_threads=2 sliced_threads=0 nr=0 decimate=1 interlaced=0 bluray_compat=0 constrained_intra=0 bframes=3 b_pyramid=2 b_adapt=1 b_bias=0 direct=1 weightb=1 open_gop=0 weightp=1 keyint=250 keyint_min=25 scenecut=40 intra_refresh=0 rc_lookahead=30 rc=crf mbtree=1 crf=23.0 qcomp=0.60 qpmin=0 qpmax=69 qpstep=4 ip_ratio=1.40 aq=1:1.00
Output #0, mp4, to 'jobs/ad32d1b4-1a32-4f43-8654-19b73cb8c485/rendered.mp4':
  Metadata:
    major_brand     : mp42
    minor_version   : 0
    compatible_brands: mp42isom
    encoder         : Lavf62.3.100
  Stream #0:0: Video: h264 (avc1 / 0x31637661), yuv420p(tv, bt709, progressive), 478x850, q=2-31, 30 fps, 15360 tbn
    Metadata:
      encoder         : Lavc62.11.100 libx264
    Side data:
      cpb: bitrate max/min/avg: 0/0/0 buffer size: 0 vbv_delay: N/A
  Stream #0:1(und): Audio: aac (LC) (mp4a / 0x6134706D), 44100 Hz, stereo, fltp, 128 kb/s (default)
    Metadata:
      vendor_id       : [0][0][0][0]
frame=   93 fps=0.0 q=29.0 size=     768KiB time=00:00:03.03 bitrate=2074.2kbits/s speed=6.01x elapsed=0:00:00.50    
frame=  257 fps=254 q=29.0 size=    2048KiB time=00:00:08.50 bitrate=1973.8kbits/s speed=8.42x elapsed=0:00:01.01    
frame=  371 fps=245 q=29.0 size=    2816KiB time=00:00:12.30 bitrate=1875.5kbits/s speed=8.12x elapsed=0:00:01.51    
frame=  507 fps=251 q=29.0 size=    4096KiB time=00:00:16.83 bitrate=1993.4kbits/s speed=8.33x elapsed=0:00:02.02    
[out#0/mp4 @ 0xb48c60780] video:4636KiB audio:318KiB subtitle:0KiB other streams:0KiB global headers:0KiB muxing overhead: 0.569789%
frame=  610 fps=260 q=-1.0 Lsize=    4982KiB time=00:00:20.26 bitrate=2013.7kbits/s speed=8.64x elapsed=0:00:02.34    
[libx264 @ 0xb48de1880] frame I:3     Avg QP:22.54  size: 54902
[libx264 @ 0xb48de1880] frame P:193   Avg QP:24.67  size: 15453
[libx264 @ 0xb48de1880] frame B:414   Avg QP:29.04  size:  3862
[libx264 @ 0xb48de1880] consecutive B-frames:  5.6%  6.9% 14.8% 72.8%
[libx264 @ 0xb48de1880] mb I  I16..4:  4.2% 64.1% 31.7%
[libx264 @ 0xb48de1880] mb P  I16..4:  2.3% 12.0%  1.9%  P16..4: 32.1% 17.4% 11.2%  0.0%  0.0%    skip:23.1%
[libx264 @ 0xb48de1880] mb B  I16..4:  0.7%  4.6%  0.5%  B16..8: 28.1%  8.8%  1.2%  direct: 6.9%  skip:49.3%  L0:56.3% L1:30.9% BI:12.8%
[libx264 @ 0xb48de1880] 8x8 transform intra:75.5% inter:71.3%
[libx264 @ 0xb48de1880] coded y,uvDC,uvAC intra: 63.5% 79.3% 36.8% inter: 18.4% 13.2% 1.2%
[libx264 @ 0xb48de1880] i16 v,h,dc,p: 33% 32% 12% 23%
[libx264 @ 0xb48de1880] i8 v,h,dc,ddl,ddr,vr,hd,vl,hu: 23% 23% 14%  4%  7%  7%  6%  8%  7%
[libx264 @ 0xb48de1880] i4 v,h,dc,ddl,ddr,vr,hd,vl,hu: 25% 23% 12%  5%  8%  8%  7%  6%  6%
[libx264 @ 0xb48de1880] i8c dc,h,v,p: 39% 21% 25% 15%
[libx264 @ 0xb48de1880] Weighted P-Frames: Y:4.1% UV:3.1%
[libx264 @ 0xb48de1880] ref P L0: 84.8% 15.2%
[libx264 @ 0xb48de1880] ref B L0: 94.6%  5.4%
[libx264 @ 0xb48de1880] ref B L1: 99.0%  1.0%
[libx264 @ 0xb48de1880] kb/s:1867.33
