Running ffmpeg command:
ffmpeg -y -i jobs/b91f35b6-5e27-486c-832f-4768d2d1bb91/77612.mp4 -i jobs/b91f35b6-5e27-486c-832f-4768d2d1bb91/overlay_1764390561509_1.png -i jobs/b91f35b6-5e27-486c-832f-4768d2d1bb91/overlay_1764390561509_2.mp4 -i jobs/b91f35b6-5e27-486c-832f-4768d2d1bb91/overlay_1764390561509_3.mp4 -filter_complex '[0:v]drawtext=text='"'"'Hello'"'"':x=40:y=200:fontsize=28:fontcolor=white:box=1:boxcolor=black@0.5:boxborderw=10:enable='"'"'between(t,0,3)'"'"'[txttxt_1764390536269_981]; [txttxt_1764390536269_981]drawtext=text='"'"'Hello'"'"':x=28:y=-56:fontsize=28:fontcolor=white:box=1:boxcolor=black@0.5:boxborderw=10:enable='"'"'between(t,0,3)'"'"'[txttxt_1764390538608_590]; [1:v]scale=120:120[ov1]; [txttxt_1764390538608_590][ov1]overlay=250:-63:enable='"'"'between(t,0,3)'"'"'[tmp1]; [2:v]scale=160:120[ov2]; [tmp1][ov2]overlay=212:319:enable='"'"'between(t,0,3)'"'"'[tmp2]; [3:v]scale=160:120[ov3]; [tmp2][ov3]overlay=21:322:enable='"'"'between(t,0,3)'"'"'[tmp3]' -map '[tmp3]' -map '0:a?' -c:v libx264 -preset fast -c:a copy jobs/b91f35b6-5e27-486c-832f-4768d2d1bb91/rendered.mp4

--- STDOUT ---

--- STDERR ---
ffmpeg version 8.0.1 Copyright (c) 2000-2025 the FFmpeg developers
  built with Apple clang version 17.0.0 (clang-1700.4.4.1)
  configuration: --prefix=/opt/homebrew/Cellar/ffmpeg/8.0.1 --enable-shared --enable-pthreads --enable-version3 --cc=clang --host-cflags= --host-ldflags= --enable-ffplay --enable-gnutls --enable-gpl --enable-libaom --enable-libaribb24 --enable-libbluray --enable-libdav1d --enable-libharfbuzz --enable-libjxl --enable-libmp3lame --enable-libopus --enable-librav1e --enable-librist --enable-librubberband --enable-libsnappy --enable-libsrt --enable-libssh --enable-libsvtav1 --enable-libtesseract --enable-libtheora --enable-libvidstab --enable-libvmaf --enable-libvorbis --enable-libvpx --enable-libwebp --enable-libx264 --enable-libx265 --enable-libxml2 --enable-libxvid --enable-lzma --enable-libfontconfig --enable-libfreetype --enable-frei0r --enable-libass --enable-libopencore-amrnb --enable-libopencore-amrwb --enable-libopenjpeg --enable-libspeex --enable-libsoxr --enable-libzmq --enable-libzimg --disable-libjack --disable-indev=jack --enable-videotoolbox --enable-audiotoolbox --enable-neon
  libavutil      60.  8.100 / 60.  8.100
  libavcodec     62. 11.100 / 62. 11.100
  libavformat    62.  3.100 / 62.  3.100
  libavdevice    62.  1.100 / 62.  1.100
  libavfilter    11.  4.100 / 11.  4.100
  libswscale      9.  1.100 /  9.  1.100
  libswresample   6.  1.100 /  6.  1.100
Input #0, mov,mp4,m4a,3gp,3g2,mj2, from 'jobs/b91f35b6-5e27-486c-832f-4768d2d1bb91/77612.mp4':
  Metadata:
    major_brand     : mp42
    minor_version   : 1
    compatible_brands: isommp41mp42
    creation_time   : 2025-05-30T08:42:13.000000Z
  Duration: 00:00:31.13, start: 0.000000, bitrate: 9437 kb/s
  Stream #0:0[0x1](und): Video: h264 (High) (avc1 / 0x31637661), yuv420p(tv, bt709, progressive), 1080x1920, 9181 kb/s, 30 fps, 30 tbr, 600 tbn (default)
    Metadata:
      creation_time   : 2025-05-30T08:42:13.000000Z
      handler_name    : Core Media Video
      vendor_id       : [0][0][0][0]
  Stream #0:1[0x2](und): Audio: aac (LC) (mp4a / 0x6134706D), 44100 Hz, stereo, fltp, 251 kb/s (default)
    Metadata:
      creation_time   : 2025-05-30T08:42:13.000000Z
      handler_name    : Core Media Audio
      vendor_id       : [0][0][0][0]
Input #1, png_pipe, from 'jobs/b91f35b6-5e27-486c-832f-4768d2d1bb91/overlay_1764390561509_1.png':
  Duration: N/A, bitrate: N/A
  Stream #1:0: Video: png, rgb24(pc, gbr/unknown/unknown), 1024x1024, 25 fps, 25 tbr, 25 tbn
Input #2, mov,mp4,m4a,3gp,3g2,mj2, from 'jobs/b91f35b6-5e27-486c-832f-4768d2d1bb91/overlay_1764390561509_2.mp4':
  Metadata:
    major_brand     : isom
    minor_version   : 512
    compatible_brands: isomiso2avc1mp41
    encoder         : Lavf58.76.100
  Duration: 00:00:05.88, start: 0.000000, bitrate: 632 kb/s
  Stream #2:0[0x1](und): Video: h264 (High) (avc1 / 0x31637661), yuv420p(progressive), 768x1152, 628 kb/s, 24 fps, 24 tbr, 12288 tbn (default)
    Metadata:
      handler_name    : VideoHandler
      vendor_id       : [0][0][0][0]
Input #3, mov,mp4,m4a,3gp,3g2,mj2, from 'jobs/b91f35b6-5e27-486c-832f-4768d2d1bb91/overlay_1764390561509_3.mp4':
  Metadata:
    major_brand     : isom
    minor_version   : 512
    compatible_brands: isomiso2avc1mp41
    encoder         : Lavf58.76.100
  Duration: 00:00:05.88, start: 0.000000, bitrate: 1843 kb/s
  Stream #3:0[0x1](und): Video: h264 (High) (avc1 / 0x31637661), yuv420p(progressive), 1152x768, 1840 kb/s, 24 fps, 24 tbr, 12288 tbn (default)
    Metadata:
      handler_name    : VideoHandler
      vendor_id       : [0][0][0][0]
Stream mapping:
  Stream #0:0 (h264) -> drawtext:default
  Stream #1:0 (png) -> scale:default
  Stream #2:0 (h264) -> scale:default
  Stream #3:0 (h264) -> scale:default
  overlay:default -> Stream #0:0 (libx264)
  Stream #0:1 -> #0:1 (copy)
Press [q] to stop, [?] for help
[libx264 @ 0x9b728d500] using cpu capabilities: ARMv8 NEON DotProd
[libx264 @ 0x9b728d500] profile High, level 4.0, 4:2:0, 8-bit
[libx264 @ 0x9b728d500] 264 - core 165 r3222 b35605a - H.264/MPEG-4 AVC codec - Copyleft 2003-2025 - http://www.videolan.org/x264.html - options: cabac=1 ref=2 deblock=1:0:0 analyse=0x3:0x113 me=hex subme=6 psy=1 psy_rd=1.00:0.00 mixed_ref=1 me_range=16 chroma_me=1 trellis=1 8x8dct=1 cqm=0 deadzone=21,11 fast_pskip=1 chroma_qp_offset=-2 threads=12 lookahead_threads=2 sliced_threads=0 nr=0 decimate=1 interlaced=0 bluray_compat=0 constrained_intra=0 bframes=3 b_pyramid=2 b_adapt=1 b_bias=0 direct=1 weightb=1 open_gop=0 weightp=1 keyint=250 keyint_min=25 scenecut=40 intra_refresh=0 rc_lookahead=30 rc=crf mbtree=1 crf=23.0 qcomp=0.60 qpmin=0 qpmax=69 qpstep=4 ip_ratio=1.40 aq=1:1.00
Output #0, mp4, to 'jobs/b91f35b6-5e27-486c-832f-4768d2d1bb91/rendered.mp4':
  Metadata:
    major_brand     : mp42
    minor_version   : 1
    compatible_brands: isommp41mp42
    encoder         : Lavf62.3.100
  Stream #0:0: Video: h264 (avc1 / 0x31637661), yuv420p(tv, bt709, progressive), 1080x1920, q=2-31, 30 fps, 15360 tbn
    Metadata:
      encoder         : Lavc62.11.100 libx264
    Side data:
      cpb: bitrate max/min/avg: 0/0/0 buffer size: 0 vbv_delay: N/A
  Stream #0:1(und): Audio: aac (LC) (mp4a / 0x6134706D), 44100 Hz, stereo, fltp, 251 kb/s (default)
    Metadata:
      creation_time   : 2025-05-30T08:42:13.000000Z
      handler_name    : Core Media Audio
      vendor_id       : [0][0][0][0]
frame=    0 fps=0.0 q=0.0 size=       0KiB time=N/A bitrate=N/A speed=N/A elapsed=0:00:00.50    
frame=   25 fps= 25 q=29.0 size=     256KiB time=00:00:00.76 bitrate=2735.9kbits/s speed=0.761x elapsed=0:00:01.00    
frame=   58 fps= 38 q=29.0 size=    1024KiB time=00:00:01.86 bitrate=4494.1kbits/s speed=1.24x elapsed=0:00:01.50    
frame=   85 fps= 42 q=29.0 size=    1536KiB time=00:00:02.76 bitrate=4548.2kbits/s speed=1.37x elapsed=0:00:02.01    
frame=  112 fps= 45 q=29.0 size=    2048KiB time=00:00:03.66 bitrate=4575.7kbits/s speed=1.46x elapsed=0:00:02.51    
frame=  147 fps= 49 q=29.0 size=    2816KiB time=00:00:04.83 bitrate=4772.9kbits/s speed= 1.6x elapsed=0:00:03.01    
frame=  175 fps= 50 q=29.0 size=    3328KiB time=00:00:05.76 bitrate=4727.8kbits/s speed=1.64x elapsed=0:00:03.51    
frame=  190 fps= 47 q=29.0 size=    3584KiB time=00:00:06.26 bitrate=4685.2kbits/s speed=1.56x elapsed=0:00:04.01    
frame=  207 fps= 46 q=29.0 size=    3840KiB time=00:00:06.83 bitrate=4603.6kbits/s speed=1.51x elapsed=0:00:04.52    
frame=  226 fps= 45 q=29.0 size=    4352KiB time=00:00:07.46 bitrate=4774.8kbits/s speed=1.49x elapsed=0:00:05.02    
frame=  240 fps= 43 q=29.0 size=    4608KiB time=00:00:07.93 bitrate=4758.3kbits/s speed=1.43x elapsed=0:00:05.53    
frame=  257 fps= 43 q=29.0 size=    4864KiB time=00:00:08.50 bitrate=4687.8kbits/s speed=1.41x elapsed=0:00:06.03    
frame=  276 fps= 42 q=29.0 size=    5376KiB time=00:00:09.13 bitrate=4822.0kbits/s speed= 1.4x elapsed=0:00:06.53    
frame=  290 fps= 41 q=29.0 size=    5632KiB time=00:00:09.60 bitrate=4806.0kbits/s speed=1.36x elapsed=0:00:07.04    
frame=  307 fps= 41 q=29.0 size=    5888KiB time=00:00:10.16 bitrate=4744.4kbits/s speed=1.35x elapsed=0:00:07.54    
frame=  325 fps= 40 q=29.0 size=    6144KiB time=00:00:10.76 bitrate=4674.8kbits/s speed=1.34x elapsed=0:00:08.05    
frame=  344 fps= 40 q=29.0 size=    6656KiB time=00:00:11.40 bitrate=4783.0kbits/s speed=1.33x elapsed=0:00:08.55    
frame=  363 fps= 40 q=29.0 size=    6912KiB time=00:00:12.03 bitrate=4705.6kbits/s speed=1.33x elapsed=0:00:09.06    
frame=  387 fps= 40 q=29.0 size=    7424KiB time=00:00:12.83 bitrate=4739.0kbits/s speed=1.34x elapsed=0:00:09.56    
frame=  404 fps= 40 q=29.0 size=    7680KiB time=00:00:13.40 bitrate=4695.1kbits/s speed=1.33x elapsed=0:00:10.07    
frame=  425 fps= 40 q=29.0 size=    7936KiB time=00:00:14.10 bitrate=4610.8kbits/s speed=1.33x elapsed=0:00:10.57    
frame=  449 fps= 41 q=29.0 size=    8448KiB time=00:00:14.90 bitrate=4644.7kbits/s speed=1.34x elapsed=0:00:11.08    
frame=  465 fps= 40 q=29.0 size=    8704KiB time=00:00:15.43 bitrate=4620.1kbits/s speed=1.33x elapsed=0:00:11.58    
frame=  486 fps= 40 q=29.0 size=    9216KiB time=00:00:16.13 bitrate=4679.6kbits/s speed=1.33x elapsed=0:00:12.08    
frame=  507 fps= 40 q=29.0 size=    9472KiB time=00:00:16.83 bitrate=4609.6kbits/s speed=1.34x elapsed=0:00:12.59    
frame=  526 fps= 40 q=29.0 size=    9984KiB time=00:00:17.46 bitrate=4682.6kbits/s speed=1.33x elapsed=0:00:13.09    
frame=  547 fps= 40 q=29.0 size=   10240KiB time=00:00:18.16 bitrate=4617.6kbits/s speed=1.34x elapsed=0:00:13.59    
frame=  567 fps= 40 q=29.0 size=   10752KiB time=00:00:18.83 bitrate=4676.9kbits/s speed=1.34x elapsed=0:00:14.09    
frame=  586 fps= 40 q=29.0 size=   11264KiB time=00:00:19.46 bitrate=4740.2kbits/s speed=1.33x elapsed=0:00:14.60    
frame=  600 fps= 40 q=29.0 size=   11520KiB time=00:00:19.93 bitrate=4734.4kbits/s speed=1.32x elapsed=0:00:15.10    
frame=  627 fps= 40 q=29.0 size=   12032KiB time=00:00:20.83 bitrate=4731.2kbits/s speed=1.33x elapsed=0:00:15.61    
frame=  644 fps= 40 q=29.0 size=   12288KiB time=00:00:21.40 bitrate=4703.9kbits/s speed=1.33x elapsed=0:00:16.11    
frame=  662 fps= 40 q=29.0 size=   12544KiB time=00:00:22.00 bitrate=4670.9kbits/s speed=1.32x elapsed=0:00:16.62    
frame=  683 fps= 40 q=29.0 size=   13056KiB time=00:00:22.70 bitrate=4711.7kbits/s speed=1.33x elapsed=0:00:17.12    
frame=  703 fps= 40 q=29.0 size=   13312KiB time=00:00:23.36 bitrate=4667.0kbits/s speed=1.33x elapsed=0:00:17.63    
frame=  729 fps= 40 q=29.0 size=   13824KiB time=00:00:24.23 bitrate=4673.2kbits/s speed=1.34x elapsed=0:00:18.13    
frame=  743 fps= 40 q=29.0 size=   14080KiB time=00:00:24.70 bitrate=4669.8kbits/s speed=1.33x elapsed=0:00:18.64    
frame=  760 fps= 40 q=29.0 size=   14336KiB time=00:00:25.26 bitrate=4648.1kbits/s speed=1.32x elapsed=0:00:19.14    
frame=  780 fps= 40 q=29.0 size=   14848KiB time=00:00:25.93 bitrate=4690.3kbits/s speed=1.32x elapsed=0:00:19.64    
frame=  795 fps= 39 q=29.0 size=   15104KiB time=00:00:26.43 bitrate=4680.9kbits/s speed=1.31x elapsed=0:00:20.15    
frame=  799 fps= 39 q=29.0 size=   15104KiB time=00:00:26.56 bitrate=4657.4kbits/s speed=1.29x elapsed=0:00:20.65    
frame=  802 fps= 38 q=29.0 size=   15360KiB time=00:00:26.66 bitrate=4718.6kbits/s speed=1.26x elapsed=0:00:21.16    
frame=  809 fps= 37 q=29.0 size=   15360KiB time=00:00:26.90 bitrate=4677.7kbits/s speed=1.24x elapsed=0:00:21.66    
frame=  817 fps= 37 q=29.0 size=   15616KiB time=00:00:27.16 bitrate=4709.0kbits/s speed=1.23x elapsed=0:00:22.17    
frame=  826 fps= 36 q=29.0 size=   15616KiB time=00:00:27.46 bitrate=4657.5kbits/s speed=1.21x elapsed=0:00:22.67    
frame=  838 fps= 36 q=29.0 size=   15872KiB time=00:00:27.86 bitrate=4665.9kbits/s speed= 1.2x elapsed=0:00:23.18    
frame=  842 fps= 36 q=29.0 size=   15872KiB time=00:00:28.00 bitrate=4643.7kbits/s speed=1.18x elapsed=0:00:23.68    
frame=  849 fps= 35 q=29.0 size=   16128KiB time=00:00:28.23 bitrate=4679.6kbits/s speed=1.17x elapsed=0:00:24.18    
frame=  862 fps= 35 q=29.0 size=   16384KiB time=00:00:28.66 bitrate=4682.0kbits/s speed=1.16x elapsed=0:00:24.69    
frame=  869 fps= 34 q=29.0 size=   16384KiB time=00:00:28.90 bitrate=4644.2kbits/s speed=1.15x elapsed=0:00:25.19    
frame=  886 fps= 34 q=29.0 size=   16640KiB time=00:00:29.46 bitrate=4626.1kbits/s speed=1.15x elapsed=0:00:25.70    
frame=  898 fps= 34 q=29.0 size=   16896KiB time=00:00:29.86 bitrate=4634.3kbits/s speed=1.14x elapsed=0:00:26.21    
frame=  917 fps= 34 q=29.0 size=   17152KiB time=00:00:30.50 bitrate=4606.9kbits/s speed=1.14x elapsed=0:00:26.71    
[out#0/mp4 @ 0x9b6c40a80] video:16775KiB audio:956KiB subtitle:0KiB other streams:0KiB global headers:0KiB muxing overhead: 0.192789%
frame=  934 fps= 34 q=-1.0 Lsize=   17765KiB time=00:00:31.06 bitrate=4684.6kbits/s speed=1.14x elapsed=0:00:27.21    
[libx264 @ 0x9b728d500] frame I:5     Avg QP:20.15  size: 68170
[libx264 @ 0x9b728d500] frame P:344   Avg QP:22.16  size: 29226
[libx264 @ 0x9b728d500] frame B:585   Avg QP:24.15  size: 11593
[libx264 @ 0x9b728d500] consecutive B-frames:  0.9% 43.7%  9.6% 45.8%
[libx264 @ 0x9b728d500] mb I  I16..4: 27.8% 58.0% 14.1%
[libx264 @ 0x9b728d500] mb P  I16..4: 10.3% 18.9%  1.7%  P16..4: 37.2%  9.2%  3.1%  0.0%  0.0%    skip:19.5%
[libx264 @ 0x9b728d500] mb B  I16..4:  3.4%  5.6%  0.2%  B16..8: 27.4%  4.4%  0.1%  direct:13.4%  skip:45.5%  L0:44.3% L1:50.2% BI: 5.5%
[libx264 @ 0x9b728d500] 8x8 transform intra:60.8% inter:76.0%
[libx264 @ 0x9b728d500] coded y,uvDC,uvAC intra: 29.1% 56.9% 6.8% inter: 9.3% 24.3% 0.2%
[libx264 @ 0x9b728d500] i16 v,h,dc,p: 36% 24% 19% 21%
[libx264 @ 0x9b728d500] i8 v,h,dc,ddl,ddr,vr,hd,vl,hu: 27% 17% 34%  3%  4%  4%  4%  5%  3%
[libx264 @ 0x9b728d500] i4 v,h,dc,ddl,ddr,vr,hd,vl,hu: 25% 19% 17%  4% 10%  8%  9%  6%  3%
[libx264 @ 0x9b728d500] i8c dc,h,v,p: 48% 21% 25%  7%
[libx264 @ 0x9b728d500] Weighted P-Frames: Y:0.6% UV:0.0%
[libx264 @ 0x9b728d500] ref P L0: 81.3% 18.7%
[libx264 @ 0x9b728d500] ref B L0: 88.9% 11.1%
[libx264 @ 0x9b728d500] ref B L1: 98.2%  1.8%
[libx264 @ 0x9b728d500] kb/s:4413.67
